2025-10-23 09:58:38,094 - INFO - Đang sử dụng thiết bị: cpu
2025-10-23 09:59:33,295 - INFO - --- Bắt đầu huấn luyện: MLP 1-Layer (SGD+Momentum) ---
2025-10-23 09:59:43,357 - INFO - Epoch [1/15], LR: 0.10000, Loss: 0.2486
2025-10-23 09:59:52,800 - INFO - Epoch [2/15], LR: 0.10000, Loss: 0.0911
2025-10-23 10:00:02,205 - INFO - Epoch [3/15], LR: 0.10000, Loss: 0.0605
2025-10-23 10:00:11,607 - INFO - Epoch [4/15], LR: 0.10000, Loss: 0.0437
2025-10-23 10:00:20,829 - INFO - Epoch [5/15], LR: 0.10000, Loss: 0.0299
2025-10-23 10:00:29,990 - INFO - Epoch [6/15], LR: 0.01000, Loss: 0.0136
2025-10-23 10:00:39,263 - INFO - Epoch [7/15], LR: 0.01000, Loss: 0.0104
2025-10-23 10:00:48,438 - INFO - Epoch [8/15], LR: 0.01000, Loss: 0.0093
2025-10-23 10:00:57,682 - INFO - Epoch [9/15], LR: 0.01000, Loss: 0.0086
2025-10-23 10:01:06,869 - INFO - Epoch [10/15], LR: 0.01000, Loss: 0.0081
2025-10-23 10:01:16,084 - INFO - Epoch [11/15], LR: 0.00100, Loss: 0.0073
2025-10-23 10:01:25,241 - INFO - Epoch [12/15], LR: 0.00100, Loss: 0.0072
2025-10-23 10:01:34,361 - INFO - Epoch [13/15], LR: 0.00100, Loss: 0.0072
2025-10-23 10:01:43,534 - INFO - Epoch [14/15], LR: 0.00100, Loss: 0.0071
2025-10-23 10:01:52,726 - INFO - Epoch [15/15], LR: 0.00100, Loss: 0.0071
2025-10-23 10:01:52,726 - INFO - Huấn luyện xong trong 139.43 giây
2025-10-23 10:01:54,147 - INFO - Độ chính xác TỔNG THỂ (Accuracy) của MLP 1-Layer (SGD+Momentum): 98.45 %
2025-10-23 10:01:54,147 - INFO - --- ĐÁNH GIÁ CHI TIẾT TỪNG CHỮ SỐ (0-9) CHO MLP 1-Layer (SGD+Momentum) ---
2025-10-23 10:01:54,174 - INFO -               precision    recall  f1-score   support
2025-10-23 10:01:54,174 - INFO -            0     0.9878    0.9908    0.9893       980
2025-10-23 10:01:54,176 - INFO -            1     0.9903    0.9912    0.9908      1135
2025-10-23 10:01:54,176 - INFO -            2     0.9826    0.9835    0.9831      1032
2025-10-23 10:01:54,176 - INFO -            3     0.9813    0.9891    0.9852      1010
2025-10-23 10:01:54,176 - INFO -            4     0.9798    0.9857    0.9827       982
2025-10-23 10:01:54,178 - INFO -            5     0.9887    0.9832    0.9859       892
2025-10-23 10:01:54,178 - INFO -            6     0.9854    0.9833    0.9843       958
2025-10-23 10:01:54,178 - INFO -            7     0.9873    0.9815    0.9844      1028
2025-10-23 10:01:54,178 - INFO -            8     0.9784    0.9774    0.9779       974
2025-10-23 10:01:54,178 - INFO -            9     0.9831    0.9782    0.9806      1009
2025-10-23 10:01:54,178 - INFO -     accuracy                         0.9845     10000
2025-10-23 10:01:54,178 - INFO -    macro avg     0.9845    0.9844    0.9844     10000
2025-10-23 10:01:54,178 - INFO - weighted avg     0.9845    0.9845    0.9845     10000
2025-10-23 10:01:54,184 - INFO - --- Bắt đầu huấn luyện: MLP 3-Layers (SGD+Momentum) ---
2025-10-23 10:02:03,734 - INFO - Epoch [1/15], LR: 0.10000, Loss: 0.2788
2025-10-23 10:02:13,374 - INFO - Epoch [2/15], LR: 0.10000, Loss: 0.0985
2025-10-23 10:02:22,978 - INFO - Epoch [3/15], LR: 0.10000, Loss: 0.0644
2025-10-23 10:02:32,598 - INFO - Epoch [4/15], LR: 0.10000, Loss: 0.0450
2025-10-23 10:02:42,726 - INFO - Epoch [5/15], LR: 0.10000, Loss: 0.0344
2025-10-23 10:03:49,949 - INFO - Epoch [6/15], LR: 0.01000, Loss: 0.0131
2025-10-23 10:03:58,739 - INFO - Epoch [7/15], LR: 0.01000, Loss: 0.0077
2025-10-23 10:04:07,805 - INFO - Epoch [8/15], LR: 0.01000, Loss: 0.0062
2025-10-23 10:04:17,650 - INFO - Epoch [9/15], LR: 0.01000, Loss: 0.0053
2025-10-23 10:04:27,330 - INFO - Epoch [10/15], LR: 0.01000, Loss: 0.0046
2025-10-23 10:04:37,060 - INFO - Epoch [11/15], LR: 0.00100, Loss: 0.0039
2025-10-23 10:04:46,914 - INFO - Epoch [12/15], LR: 0.00100, Loss: 0.0038
2025-10-23 10:04:56,796 - INFO - Epoch [13/15], LR: 0.00100, Loss: 0.0038
2025-10-23 10:05:06,500 - INFO - Epoch [14/15], LR: 0.00100, Loss: 0.0037
2025-10-23 10:05:16,287 - INFO - Epoch [15/15], LR: 0.00100, Loss: 0.0037
2025-10-23 10:05:16,287 - INFO - Huấn luyện xong trong 202.10 giây
2025-10-23 10:05:17,725 - INFO - Độ chính xác TỔNG THỂ (Accuracy) của MLP 3-Layers (SGD+Momentum): 98.51 %
2025-10-23 10:05:17,725 - INFO - --- ĐÁNH GIÁ CHI TIẾT TỪNG CHỮ SỐ (0-9) CHO MLP 3-Layers (SGD+Momentum) ---
2025-10-23 10:05:17,753 - INFO -               precision    recall  f1-score   support
2025-10-23 10:05:17,753 - INFO -            0     0.9888    0.9918    0.9903       980
2025-10-23 10:05:17,753 - INFO -            1     0.9938    0.9947    0.9943      1135
2025-10-23 10:05:17,753 - INFO -            2     0.9854    0.9826    0.9840      1032
2025-10-23 10:05:17,753 - INFO -            3     0.9764    0.9851    0.9808      1010
2025-10-23 10:05:17,753 - INFO -            4     0.9837    0.9827    0.9832       982
2025-10-23 10:05:17,753 - INFO -            5     0.9920    0.9776    0.9848       892
2025-10-23 10:05:17,753 - INFO -            6     0.9875    0.9875    0.9875       958
2025-10-23 10:05:17,753 - INFO -            7     0.9854    0.9835    0.9844      1028
2025-10-23 10:05:17,757 - INFO -            8     0.9806    0.9856    0.9831       974
2025-10-23 10:05:17,762 - INFO -            9     0.9772    0.9782    0.9777      1009
2025-10-23 10:05:17,762 - INFO -     accuracy                         0.9851     10000
2025-10-23 10:05:17,762 - INFO -    macro avg     0.9851    0.9849    0.9850     10000
2025-10-23 10:05:17,764 - INFO - weighted avg     0.9851    0.9851    0.9851     10000
2025-10-23 10:05:17,764 - INFO - --- Hoàn tất ---
