2025-10-23 21:09:34,525 - INFO - --- Đã chọn mô hình: MLP 1-Layer (SGD+Momentum) ---
2025-10-23 21:09:34,525 - INFO - --- Bắt đầu huấn luyện: MLP 1-Layer (SGD+Momentum) ---
2025-10-23 21:09:43,347 - INFO - Epoch [1/15], LR: 0.10000, Loss: 1.6304
2025-10-23 21:09:52,146 - INFO - Epoch [2/15], LR: 0.10000, Loss: 1.5671
2025-10-23 21:10:01,660 - INFO - Epoch [3/15], LR: 0.10000, Loss: 1.5581
2025-10-23 21:10:10,941 - INFO - Epoch [4/15], LR: 0.10000, Loss: 1.5532
2025-10-23 21:10:20,623 - INFO - Epoch [5/15], LR: 0.10000, Loss: 1.5499
2025-10-23 21:10:30,902 - INFO - Epoch [6/15], LR: 0.01000, Loss: 1.5463
2025-10-23 21:10:40,462 - INFO - Epoch [7/15], LR: 0.01000, Loss: 1.5459
2025-10-23 21:10:50,394 - INFO - Epoch [8/15], LR: 0.01000, Loss: 1.5457
2025-10-23 21:11:00,117 - INFO - Epoch [9/15], LR: 0.01000, Loss: 1.5454
2025-10-23 21:11:09,344 - INFO - Epoch [10/15], LR: 0.01000, Loss: 1.5452
2025-10-23 21:11:18,673 - INFO - Epoch [11/15], LR: 0.00100, Loss: 1.5448
2025-10-23 21:11:27,333 - INFO - Epoch [12/15], LR: 0.00100, Loss: 1.5448
2025-10-23 21:11:36,477 - INFO - Epoch [13/15], LR: 0.00100, Loss: 1.5448
2025-10-23 21:11:45,763 - INFO - Epoch [14/15], LR: 0.00100, Loss: 1.5448
2025-10-23 21:11:55,572 - INFO - Epoch [15/15], LR: 0.00100, Loss: 1.5448
2025-10-23 21:11:55,573 - INFO - Huấn luyện xong trong 141.05 giây
2025-10-23 21:11:57,229 - INFO - Độ chính xác TỔNG THỂ (Accuracy) của MLP 1-Layer (SGD+Momentum): 92.61 %
2025-10-23 21:11:57,229 - INFO - --- ĐÁNH GIÁ CHI TIẾT TỪNG CHỮ SỐ (0-9) CHO MLP 1-Layer (SGD+Momentum) ---
2025-10-23 21:11:57,266 - INFO -               precision    recall  f1-score   support
2025-10-23 21:11:57,266 - INFO -            0     0.9431    0.9816    0.9620       980
2025-10-23 21:11:57,267 - INFO -            1     0.9762    0.9753    0.9758      1135
2025-10-23 21:11:57,267 - INFO -            2     0.9224    0.8866    0.9042      1032
2025-10-23 21:11:57,267 - INFO -            3     0.9167    0.9149    0.9158      1010
2025-10-23 21:11:57,267 - INFO -            4     0.9184    0.9399    0.9290       982
2025-10-23 21:11:57,267 - INFO -            5     0.9171    0.8554    0.8852       892
2025-10-23 21:11:57,268 - INFO -            6     0.9317    0.9541    0.9428       958
2025-10-23 21:11:57,268 - INFO -            7     0.9306    0.9261    0.9283      1028
2025-10-23 21:11:57,268 - INFO -            8     0.8787    0.9148    0.8964       974
2025-10-23 21:11:57,268 - INFO -            9     0.9183    0.9019    0.9100      1009
2025-10-23 21:11:57,268 - INFO -     accuracy                         0.9261     10000
2025-10-23 21:11:57,268 - INFO -    macro avg     0.9253    0.9251    0.9249     10000
2025-10-23 21:11:57,268 - INFO - weighted avg     0.9261    0.9261    0.9259     10000
2025-10-23 21:11:57,268 - INFO - --- Hoàn tất huấn luyện MLP 1-Layer (SGD+Momentum) ---
