2025-10-23 21:17:58,881 - INFO - --- Đã chọn mô hình: MLP 3-Layers (SGD+Momentum) ---
2025-10-23 21:17:58,881 - INFO - --- Bắt đầu huấn luyện: MLP 3-Layers (SGD+Momentum) ---
2025-10-23 21:18:09,696 - INFO - Epoch [1/15], LR: 0.10000, Loss: 0.2582
2025-10-23 21:18:20,659 - INFO - Epoch [2/15], LR: 0.10000, Loss: 0.1020
2025-10-23 21:18:31,704 - INFO - Epoch [3/15], LR: 0.10000, Loss: 0.0676
2025-10-23 21:18:42,354 - INFO - Epoch [4/15], LR: 0.10000, Loss: 0.0525
2025-10-23 21:18:53,130 - INFO - Epoch [5/15], LR: 0.10000, Loss: 0.0414
2025-10-23 21:19:04,383 - INFO - Epoch [6/15], LR: 0.01000, Loss: 0.0140
2025-10-23 21:19:14,600 - INFO - Epoch [7/15], LR: 0.01000, Loss: 0.0075
2025-10-23 21:19:24,946 - INFO - Epoch [8/15], LR: 0.01000, Loss: 0.0057
2025-10-23 21:19:35,457 - INFO - Epoch [9/15], LR: 0.01000, Loss: 0.0047
2025-10-23 21:19:46,382 - INFO - Epoch [10/15], LR: 0.01000, Loss: 0.0040
2025-10-23 21:19:57,104 - INFO - Epoch [11/15], LR: 0.00100, Loss: 0.0033
2025-10-23 21:20:08,112 - INFO - Epoch [12/15], LR: 0.00100, Loss: 0.0032
2025-10-23 21:20:19,041 - INFO - Epoch [13/15], LR: 0.00100, Loss: 0.0031
2025-10-23 21:20:29,766 - INFO - Epoch [14/15], LR: 0.00100, Loss: 0.0031
2025-10-23 21:20:40,945 - INFO - Epoch [15/15], LR: 0.00100, Loss: 0.0030
2025-10-23 21:20:40,945 - INFO - Huấn luyện xong trong 162.06 giây
2025-10-23 21:20:42,362 - INFO - Độ chính xác TỔNG THỂ (Accuracy) của MLP 3-Layers (SGD+Momentum): 98.37 %
2025-10-23 21:20:42,362 - INFO - --- ĐÁNH GIÁ CHI TIẾT TỪNG CHỮ SỐ (0-9) CHO MLP 3-Layers (SGD+Momentum) ---
2025-10-23 21:20:42,388 - INFO -               precision    recall  f1-score   support
2025-10-23 21:20:42,388 - INFO -            0     0.9909    0.9949    0.9929       980
2025-10-23 21:20:42,388 - INFO -            1     0.9930    0.9938    0.9934      1135
2025-10-23 21:20:42,388 - INFO -            2     0.9835    0.9806    0.9820      1032
2025-10-23 21:20:42,389 - INFO -            3     0.9764    0.9842    0.9803      1010
2025-10-23 21:20:42,389 - INFO -            4     0.9856    0.9756    0.9806       982
2025-10-23 21:20:42,389 - INFO -            5     0.9853    0.9798    0.9826       892
2025-10-23 21:20:42,389 - INFO -            6     0.9916    0.9802    0.9858       958
2025-10-23 21:20:42,390 - INFO -            7     0.9778    0.9835    0.9806      1028
2025-10-23 21:20:42,390 - INFO -            8     0.9806    0.9856    0.9831       974
2025-10-23 21:20:42,390 - INFO -            9     0.9724    0.9772    0.9748      1009
2025-10-23 21:20:42,390 - INFO -     accuracy                         0.9837     10000
2025-10-23 21:20:42,390 - INFO -    macro avg     0.9837    0.9835    0.9836     10000
2025-10-23 21:20:42,391 - INFO - weighted avg     0.9837    0.9837    0.9837     10000
2025-10-23 21:20:42,391 - INFO - --- Hoàn tất huấn luyện MLP 3-Layers (SGD+Momentum) ---
