
209/209 ━━━━━━━━━━━━━━━━━━━━ 35s 141ms/step - accuracy: 0.4230 - loss: 1.9278

Test Loss: 1.9371
Test Accuracy: 0.4154

                  precision    recall  f1-score   support

        banh-can       0.18      0.11      0.14       241
        banh-hoi       0.35      0.30      0.32       607
    banh-mi-chao       0.30      0.17      0.22       289
        banh-tet       0.41      0.18      0.25       364
 banh-trang-tron       0.14      0.15      0.14       309
          banh-u       0.19      0.10      0.13       176
        banh-uot       0.25      0.23      0.24       560
       bap-nuong       0.16      0.17      0.16       143
          bo-kho       0.29      0.34      0.31       338
       bo-la-lot       0.30      0.80      0.44       458
       bot-chien       0.20      0.16      0.18       276
           ca-ri       0.27      0.12      0.17       171
    canh-kho-qua       0.55      0.48      0.51       290
   canh-khoai-mo       0.57      0.71      0.63       197
        ga-nuong       0.19      0.28      0.23       372
          goi-ga       0.21      0.33      0.26       290
          ha-cao       0.43      0.31      0.36       480
hoanh-thanh-nuoc       0.26      0.11      0.15       240
         pha-lau       0.30      0.30      0.30       352
          tau-hu       0.36      0.41      0.38       203
  thit-kho-trung       0.31      0.12      0.17       325

        accuracy                           0.29      6681
       macro avg       0.30      0.28      0.27      6681
    weighted avg       0.30      0.29      0.28      6681


Epoch 1/30
252/252 ━━━━━━━━━━━━━━━━━━━━ 113s 327ms/step - accuracy: 0.2088 - loss: 2.6969 - val_accuracy: 0.0792 - val_loss: 5.2350 - learning_rate: 1.0000e-04
Epoch 2/30
252/252 ━━━━━━━━━━━━━━━━━━━━ 34s 135ms/step - accuracy: 0.3841 - loss: 2.0145 - val_accuracy: 0.1763 - val_loss: 4.3354 - learning_rate: 1.0000e-04
Epoch 3/30
252/252 ━━━━━━━━━━━━━━━━━━━━ 33s 129ms/step - accuracy: 0.5728 - loss: 1.4346 - val_accuracy: 0.0986 - val_loss: 10.3090 - learning_rate: 1.0000e-04
Epoch 4/30
252/252 ━━━━━━━━━━━━━━━━━━━━ 32s 128ms/step - accuracy: 0.7661 - loss: 0.8186 - val_accuracy: 0.1200 - val_loss: 12.1649 - learning_rate: 1.0000e-04
Epoch 5/30
252/252 ━━━━━━━━━━━━━━━━━━━━ 33s 130ms/step - accuracy: 0.8473 - loss: 0.5108 - val_accuracy: 0.1419 - val_loss: 11.9059 - learning_rate: 1.0000e-04
Epoch 6/30
252/252 ━━━━━━━━━━━━━━━━━━━━ 33s 132ms/step - accuracy: 0.9220 - loss: 0.2744 - val_accuracy: 0.1892 - val_loss: 5.6450 - learning_rate: 1.0000e-04
Epoch 7/30
252/252 ━━━━━━━━━━━━━━━━━━━━ 33s 132ms/step - accuracy: 0.9585 - loss: 0.1577 - val_accuracy: 0.2067 - val_loss: 5.1156 - learning_rate: 1.0000e-04
Epoch 8/30
252/252 ━━━━━━━━━━━━━━━━━━━━ 33s 132ms/step - accuracy: 0.9849 - loss: 0.0811 - val_accuracy: 0.3237 - val_loss: 3.3498 - learning_rate: 5.0000e-05
Epoch 9/30
252/252 ━━━━━━━━━━━━━━━━━━━━ 33s 132ms/step - accuracy: 0.9988 - loss: 0.0173 - val_accuracy: 0.3372 - val_loss: 3.1172 - learning_rate: 5.0000e-05
Epoch 10/30
252/252 ━━━━━━━━━━━━━━━━━━━━ 33s 133ms/step - accuracy: 1.0000 - loss: 0.0052 - val_accuracy: 0.3476 - val_loss: 3.0280 - learning_rate: 5.0000e-05
Epoch 11/30
252/252 ━━━━━━━━━━━━━━━━━━━━ 33s 130ms/step - accuracy: 1.0000 - loss: 0.0028 - val_accuracy: 0.3456 - val_loss: 3.0450 - learning_rate: 5.0000e-05
Epoch 12/30
252/252 ━━━━━━━━━━━━━━━━━━━━ 33s 130ms/step - accuracy: 1.0000 - loss: 0.0021 - val_accuracy: 0.3456 - val_loss: 3.0611 - learning_rate: 5.0000e-05
Epoch 13/30
252/252 ━━━━━━━━━━━━━━━━━━━━ 33s 130ms/step - accuracy: 1.0000 - loss: 0.0017 - val_accuracy: 0.3446 - val_loss: 3.0779 - learning_rate: 5.0000e-05
Epoch 14/30
252/252 ━━━━━━━━━━━━━━━━━━━━ 33s 130ms/step - accuracy: 1.0000 - loss: 0.0014 - val_accuracy: 0.3431 - val_loss: 3.0942 - learning_rate: 5.0000e-05
Epoch 15/30
252/252 ━━━━━━━━━━━━━━━━━━━━ 33s 130ms/step - accuracy: 1.0000 - loss: 0.0012 - val_accuracy: 0.3436 - val_loss: 3.1101 - learning_rate: 5.0000e-05
Epoch 16/30
252/252 ━━━━━━━━━━━━━━━━━━━━ 33s 130ms/step - accuracy: 1.0000 - loss: 0.0011 - val_accuracy: 0.3446 - val_loss: 3.1258 - learning_rate: 2.5000e-05
Epoch 17/30
252/252 ━━━━━━━━━━━━━━━━━━━━ 33s 130ms/step - accuracy: 1.0000 - loss: 9.6384e-04 - val_accuracy: 0.3461 - val_loss: 3.1309 - learning_rate: 2.5000e-05
Epoch 18/30
252/252 ━━━━━━━━━━━━━━━━━━━━ 33s 130ms/step - accuracy: 1.0000 - loss: 8.8941e-04 - val_accuracy: 0.3451 - val_loss: 3.1386 - learning_rate: 2.5000e-05
Epoch 19/30
252/252 ━━━━━━━━━━━━━━━━━━━━ 33s 130ms/step - accuracy: 1.0000 - loss: 8.1972e-04 - val_accuracy: 0.3436 - val_loss: 3.1467 - learning_rate: 2.5000e-05
Epoch 20/30
252/252 ━━━━━━━━━━━━━━━━━━━━ 33s 130ms/step - accuracy: 1.0000 - loss: 7.5404e-04 - val_accuracy: 0.3436 - val_loss: 3.1555 - learning_rate: 2.5000e-05